Arguments: 
  C:\Program Files\nodejs\node.exe C:\Users\Reza\AppData\Roaming\npm\node_modules\yarn\bin\yarn.js

PATH: 
  C:\Program Files\Java\jdk-8\bin;C:\Program Files (x86)\Razer\ChromaBroadcast\bin;C:\Program Files\Razer\ChromaBroadcast\bin;C:\Windows\system32;C:\Windows;C:\Windows\System32\Wbem;C:\Windows\System32\WindowsPowerShell\v1.0\;C:\Windows\System32\OpenSSH\;C:\ProgramData\chocolatey\bin;C:\Program Files\Git\cmd;C:\Program Files\dotnet\;C:\Users\Reza\AppData\Roaming\nvm;C:\Program Files\nodejs;C:\Windows\system32\config\systemprofile\AppData\Local\Microsoft\WindowsApps;C:\Users\Reza\AppData\Roaming\nvm;C:\Program Files\nodejs;C:\Program Files\nodejs\;C:\Users\Reza\AppData\Local\Android\Sdk\platform-tools;C:\nginx;C:\Program Files\Go\bin;C:\Users\Reza\AppData\Local\Android\Sdk\tools;C:\Users\Reza\AppData\Local\jdk-17\bin;C:\Users\Reza\AppData\Local\jdk-11.0.2\bin;C:\Users\Reza\AppData\Local\Android\Sdk\tools;C:\Users\Reza\AppData\Local\jdk-11.0.2\bin;C:\Users\Reza\AppData\Local\jdk-11.0.2\bin;C:\Users\Reza\AppData\Local\Programs\Python\Python311\Scripts\;C:\Users\Reza\AppData\Local\Programs\Python\Python311\;C:\Users\Reza\AppData\Local\Microsoft\WindowsApps;C:\Users\Reza\AppData\Local\Programs\Microsoft VS Code\bin;C:\Users\Reza\AppData\Local\JetBrains\Toolbox\scripts;C:\Program Files\JetBrains\WebStorm 2022.2.3\bin;;C:\Users\Reza\AppData\Roaming\nvm;C:\Program Files\nodejs;C:\Users\Reza\AppData\Roaming\npm;C:\Users\Reza\go\bin;

Yarn version: 
  1.22.19

Node version: 
  18.12.1

Platform: 
  win32 x64

Trace: 
  Error: getaddrinfo ENOTFOUND registry.yarnpkg.com
      at GetAddrInfoReqWrap.onlookup [as oncomplete] (node:dns:107:26)

npm manifest: 
  {
    "name": "Coffee_Shop_App",
    "version": "0.0.1",
    "private": true,
    "scripts": {
      "android": "react-native run-android",
      "ios": "react-native run-ios",
      "lint": "eslint .",
      "start": "react-native start",
      "test": "jest"
    },
    "dependencies": {
      "@react-native-async-storage/async-storage": "^1.19.3",
      "@react-native-community/blur": "^4.3.2",
      "@react-navigation/bottom-tabs": "^6.5.8",
      "@react-navigation/native": "^6.1.7",
      "@react-navigation/native-stack": "^6.9.13",
      "immer": "^10.0.2",
      "lottie-react-native": "^6.2.0",
      "react": "18.2.0",
      "react-native": "0.72.4",
      "react-native-linear-gradient": "^2.8.2",
      "react-native-safe-area-context": "^4.7.2",
      "react-native-screens": "^3.25.0",
      "react-native-splash-screen": "^3.3.0",
      "react-native-vector-icons": "^10.0.0",
      "zustand": "^4.4.1"
    },
    "devDependencies": {
      "@babel/core": "^7.20.0",
      "@babel/preset-env": "^7.20.0",
      "@babel/runtime": "^7.20.0",
      "@react-native/eslint-config": "^0.72.2",
      "@react-native/metro-config": "^0.72.11",
      "@tsconfig/react-native": "^3.0.0",
      "@types/react": "^18.0.24",
      "@types/react-native-vector-icons": "^6.4.14",
      "@types/react-test-renderer": "^18.0.0",
      "babel-jest": "^29.2.1",
      "eslint": "^8.19.0",
      "jest": "^29.2.1",
      "metro-react-native-babel-preset": "0.76.8",
      "prettier": "^2.4.1",
      "react-test-renderer": "18.2.0",
      "typescript": "4.8.4"
    },
    "engines": {
      "node": ">=16"
    }
  }

yarn manifest: 
  No manifest

Lockfile: 
  No lockfile
